0 info it worked if it ends with ok
1 verbose cli [ 'D:\\Progs\\nodejs\\node.exe',
1 verbose cli   'D:\\Progs\\nodejs\\node_modules\\npm\\bin\\npm-cli.js',
1 verbose cli   'start' ]
2 info using npm@3.10.10
3 info using node@v6.11.3
4 verbose run-script [ 'prestart', 'start', 'poststart' ]
5 info lifecycle mindball@1.0.0~prestart: mindball@1.0.0
6 silly lifecycle mindball@1.0.0~prestart: no script for prestart, continuing
7 info lifecycle mindball@1.0.0~start: mindball@1.0.0
8 verbose lifecycle mindball@1.0.0~start: unsafe-perm in lifecycle true
9 verbose lifecycle mindball@1.0.0~start: PATH: D:\Progs\nodejs\node_modules\npm\bin\node-gyp-bin;e:\Web\Mindball\App\mindball\node_modules\.bin;D:\Progs\ConEmu\ConEmu\Scripts;D:\Progs\ConEmu;D:\Progs\ConEmu\ConEmu;C:\ProgramData\Oracle\Java\javapath;C:\Program Files\PC Connectivity Solution\;C:\Program Files\AMD APP\bin\x86;C:\Windows\system32;C:\Windows;C:\Windows\System32\Wbem;C:\Windows\System32\WindowsPowerShell\v1.0\;C:\Program Files\QuickTime\QTSystem\;C:\Program Files\ATI Technologies\ATI.ACE\Core-Static;d:\Progs\GNU\GnuPG\pub;D:\Progs\nodejs\;D:\Progs\Brackets\command;D:\Progs\Git\cmd;C:\Users\vinegreet\AppData\Roaming\npm
10 verbose lifecycle mindball@1.0.0~start: CWD: e:\Web\Mindball\App\mindball
11 silly lifecycle mindball@1.0.0~start: Args: [ '/d /s /c',
11 silly lifecycle   'nodemon --watch webpack.config.js --exec "webpack-dev-server --env development"' ]
12 silly lifecycle mindball@1.0.0~start: Returned: code: 3221225786  signal: null
13 info lifecycle mindball@1.0.0~start: Failed to exec start script
14 verbose stack Error: mindball@1.0.0 start: `nodemon --watch webpack.config.js --exec "webpack-dev-server --env development"`
14 verbose stack Exit status 3221225786
14 verbose stack     at EventEmitter.<anonymous> (D:\Progs\nodejs\node_modules\npm\lib\utils\lifecycle.js:255:16)
14 verbose stack     at emitTwo (events.js:106:13)
14 verbose stack     at EventEmitter.emit (events.js:191:7)
14 verbose stack     at ChildProcess.<anonymous> (D:\Progs\nodejs\node_modules\npm\lib\utils\spawn.js:40:14)
14 verbose stack     at emitTwo (events.js:106:13)
14 verbose stack     at ChildProcess.emit (events.js:191:7)
14 verbose stack     at maybeClose (internal/child_process.js:920:16)
14 verbose stack     at Process.ChildProcess._handle.onexit (internal/child_process.js:230:5)
15 verbose pkgid mindball@1.0.0
16 verbose cwd e:\Web\Mindball\App\mindball
17 error Windows_NT 6.1.7601
18 error argv "D:\\Progs\\nodejs\\node.exe" "D:\\Progs\\nodejs\\node_modules\\npm\\bin\\npm-cli.js" "start"
19 error node v6.11.3
20 error npm  v3.10.10
21 error code ELIFECYCLE
22 error mindball@1.0.0 start: `nodemon --watch webpack.config.js --exec "webpack-dev-server --env development"`
22 error Exit status 3221225786
23 error Failed at the mindball@1.0.0 start script 'nodemon --watch webpack.config.js --exec "webpack-dev-server --env development"'.
23 error Make sure you have the latest version of node.js and npm installed.
23 error If you do, this is most likely a problem with the mindball package,
23 error not with npm itself.
23 error Tell the author that this fails on your system:
23 error     nodemon --watch webpack.config.js --exec "webpack-dev-server --env development"
23 error You can get information on how to open an issue for this project with:
23 error     npm bugs mindball
23 error Or if that isn't available, you can get their info via:
23 error     npm owner ls mindball
23 error There is likely additional logging output above.
24 verbose exit [ 1, true ]
